<?xml version="1.0" encoding="UTF-8"?>
<testsuite xmlns:xsi="http://www.w3.org/2001/XMLSchema-instance" xsi:noNamespaceSchemaLocation="https://maven.apache.org/surefire/maven-surefire-plugin/xsd/surefire-test-report.xsd" name="com.neri.neri.NeriApplicationTests" time="0.256" tests="1" errors="1" skipped="0" failures="0">
  <properties>
    <property name="awt.toolkit" value="sun.awt.X11.XToolkit"/>
    <property name="file.encoding.pkg" value="sun.io"/>
    <property name="java.specification.version" value="1.8"/>
    <property name="sun.cpu.isalist" value=""/>
    <property name="sun.jnu.encoding" value="UTF-8"/>
    <property name="java.class.path" value="/home/renan.neri/workspace-estudos/neri/target/test-classes:/home/renan.neri/workspace-estudos/neri/target/classes:/home/renan.neri/.m2/repository/org/springframework/boot/spring-boot-starter-data-jpa/2.2.2.RELEASE/spring-boot-starter-data-jpa-2.2.2.RELEASE.jar:/home/renan.neri/.m2/repository/org/springframework/boot/spring-boot-starter-aop/2.2.2.RELEASE/spring-boot-starter-aop-2.2.2.RELEASE.jar:/home/renan.neri/.m2/repository/org/springframework/spring-aop/5.2.2.RELEASE/spring-aop-5.2.2.RELEASE.jar:/home/renan.neri/.m2/repository/org/aspectj/aspectjweaver/1.9.5/aspectjweaver-1.9.5.jar:/home/renan.neri/.m2/repository/org/springframework/boot/spring-boot-starter-jdbc/2.2.2.RELEASE/spring-boot-starter-jdbc-2.2.2.RELEASE.jar:/home/renan.neri/.m2/repository/com/zaxxer/HikariCP/3.4.1/HikariCP-3.4.1.jar:/home/renan.neri/.m2/repository/org/springframework/spring-jdbc/5.2.2.RELEASE/spring-jdbc-5.2.2.RELEASE.jar:/home/renan.neri/.m2/repository/jakarta/activation/jakarta.activation-api/1.2.1/jakarta.activation-api-1.2.1.jar:/home/renan.neri/.m2/repository/jakarta/persistence/jakarta.persistence-api/2.2.3/jakarta.persistence-api-2.2.3.jar:/home/renan.neri/.m2/repository/jakarta/transaction/jakarta.transaction-api/1.3.3/jakarta.transaction-api-1.3.3.jar:/home/renan.neri/.m2/repository/org/hibernate/hibernate-core/5.4.9.Final/hibernate-core-5.4.9.Final.jar:/home/renan.neri/.m2/repository/org/jboss/logging/jboss-logging/3.4.1.Final/jboss-logging-3.4.1.Final.jar:/home/renan.neri/.m2/repository/org/javassist/javassist/3.24.0-GA/javassist-3.24.0-GA.jar:/home/renan.neri/.m2/repository/net/bytebuddy/byte-buddy/1.10.4/byte-buddy-1.10.4.jar:/home/renan.neri/.m2/repository/antlr/antlr/2.7.7/antlr-2.7.7.jar:/home/renan.neri/.m2/repository/org/jboss/jandex/2.1.1.Final/jandex-2.1.1.Final.jar:/home/renan.neri/.m2/repository/com/fasterxml/classmate/1.5.1/classmate-1.5.1.jar:/home/renan.neri/.m2/repository/org/dom4j/dom4j/2.1.1/dom4j-2.1.1.jar:/home/renan.neri/.m2/repository/org/hibernate/common/hibernate-commons-annotations/5.1.0.Final/hibernate-commons-annotations-5.1.0.Final.jar:/home/renan.neri/.m2/repository/org/glassfish/jaxb/jaxb-runtime/2.3.2/jaxb-runtime-2.3.2.jar:/home/renan.neri/.m2/repository/org/glassfish/jaxb/txw2/2.3.2/txw2-2.3.2.jar:/home/renan.neri/.m2/repository/com/sun/istack/istack-commons-runtime/3.0.8/istack-commons-runtime-3.0.8.jar:/home/renan.neri/.m2/repository/org/jvnet/staxex/stax-ex/1.8.1/stax-ex-1.8.1.jar:/home/renan.neri/.m2/repository/com/sun/xml/fastinfoset/FastInfoset/1.2.16/FastInfoset-1.2.16.jar:/home/renan.neri/.m2/repository/org/springframework/data/spring-data-jpa/2.2.3.RELEASE/spring-data-jpa-2.2.3.RELEASE.jar:/home/renan.neri/.m2/repository/org/springframework/data/spring-data-commons/2.2.3.RELEASE/spring-data-commons-2.2.3.RELEASE.jar:/home/renan.neri/.m2/repository/org/springframework/spring-orm/5.2.2.RELEASE/spring-orm-5.2.2.RELEASE.jar:/home/renan.neri/.m2/repository/org/springframework/spring-context/5.2.2.RELEASE/spring-context-5.2.2.RELEASE.jar:/home/renan.neri/.m2/repository/org/springframework/spring-tx/5.2.2.RELEASE/spring-tx-5.2.2.RELEASE.jar:/home/renan.neri/.m2/repository/org/springframework/spring-beans/5.2.2.RELEASE/spring-beans-5.2.2.RELEASE.jar:/home/renan.neri/.m2/repository/org/slf4j/slf4j-api/1.7.29/slf4j-api-1.7.29.jar:/home/renan.neri/.m2/repository/org/springframework/spring-aspects/5.2.2.RELEASE/spring-aspects-5.2.2.RELEASE.jar:/home/renan.neri/.m2/repository/org/springframework/boot/spring-boot-starter-web/2.2.2.RELEASE/spring-boot-starter-web-2.2.2.RELEASE.jar:/home/renan.neri/.m2/repository/org/springframework/boot/spring-boot-starter/2.2.2.RELEASE/spring-boot-starter-2.2.2.RELEASE.jar:/home/renan.neri/.m2/repository/org/springframework/boot/spring-boot/2.2.2.RELEASE/spring-boot-2.2.2.RELEASE.jar:/home/renan.neri/.m2/repository/org/springframework/boot/spring-boot-autoconfigure/2.2.2.RELEASE/spring-boot-autoconfigure-2.2.2.RELEASE.jar:/home/renan.neri/.m2/repository/org/springframework/boot/spring-boot-starter-logging/2.2.2.RELEASE/spring-boot-starter-logging-2.2.2.RELEASE.jar:/home/renan.neri/.m2/repository/ch/qos/logback/logback-classic/1.2.3/logback-classic-1.2.3.jar:/home/renan.neri/.m2/repository/ch/qos/logback/logback-core/1.2.3/logback-core-1.2.3.jar:/home/renan.neri/.m2/repository/org/apache/logging/log4j/log4j-to-slf4j/2.12.1/log4j-to-slf4j-2.12.1.jar:/home/renan.neri/.m2/repository/org/apache/logging/log4j/log4j-api/2.12.1/log4j-api-2.12.1.jar:/home/renan.neri/.m2/repository/org/slf4j/jul-to-slf4j/1.7.29/jul-to-slf4j-1.7.29.jar:/home/renan.neri/.m2/repository/jakarta/annotation/jakarta.annotation-api/1.3.5/jakarta.annotation-api-1.3.5.jar:/home/renan.neri/.m2/repository/org/yaml/snakeyaml/1.25/snakeyaml-1.25.jar:/home/renan.neri/.m2/repository/org/springframework/boot/spring-boot-starter-json/2.2.2.RELEASE/spring-boot-starter-json-2.2.2.RELEASE.jar:/home/renan.neri/.m2/repository/com/fasterxml/jackson/core/jackson-databind/2.10.1/jackson-databind-2.10.1.jar:/home/renan.neri/.m2/repository/com/fasterxml/jackson/core/jackson-annotations/2.10.1/jackson-annotations-2.10.1.jar:/home/renan.neri/.m2/repository/com/fasterxml/jackson/core/jackson-core/2.10.1/jackson-core-2.10.1.jar:/home/renan.neri/.m2/repository/com/fasterxml/jackson/datatype/jackson-datatype-jdk8/2.10.1/jackson-datatype-jdk8-2.10.1.jar:/home/renan.neri/.m2/repository/com/fasterxml/jackson/datatype/jackson-datatype-jsr310/2.10.1/jackson-datatype-jsr310-2.10.1.jar:/home/renan.neri/.m2/repository/com/fasterxml/jackson/module/jackson-module-parameter-names/2.10.1/jackson-module-parameter-names-2.10.1.jar:/home/renan.neri/.m2/repository/org/springframework/boot/spring-boot-starter-tomcat/2.2.2.RELEASE/spring-boot-starter-tomcat-2.2.2.RELEASE.jar:/home/renan.neri/.m2/repository/org/apache/tomcat/embed/tomcat-embed-core/9.0.29/tomcat-embed-core-9.0.29.jar:/home/renan.neri/.m2/repository/org/apache/tomcat/embed/tomcat-embed-el/9.0.29/tomcat-embed-el-9.0.29.jar:/home/renan.neri/.m2/repository/org/apache/tomcat/embed/tomcat-embed-websocket/9.0.29/tomcat-embed-websocket-9.0.29.jar:/home/renan.neri/.m2/repository/org/springframework/boot/spring-boot-starter-validation/2.2.2.RELEASE/spring-boot-starter-validation-2.2.2.RELEASE.jar:/home/renan.neri/.m2/repository/jakarta/validation/jakarta.validation-api/2.0.1/jakarta.validation-api-2.0.1.jar:/home/renan.neri/.m2/repository/org/hibernate/validator/hibernate-validator/6.0.18.Final/hibernate-validator-6.0.18.Final.jar:/home/renan.neri/.m2/repository/org/springframework/spring-web/5.2.2.RELEASE/spring-web-5.2.2.RELEASE.jar:/home/renan.neri/.m2/repository/org/springframework/spring-webmvc/5.2.2.RELEASE/spring-webmvc-5.2.2.RELEASE.jar:/home/renan.neri/.m2/repository/org/springframework/spring-expression/5.2.2.RELEASE/spring-expression-5.2.2.RELEASE.jar:/home/renan.neri/.m2/repository/com/h2database/h2/1.4.200/h2-1.4.200.jar:/home/renan.neri/.m2/repository/mysql/mysql-connector-java/8.0.18/mysql-connector-java-8.0.18.jar:/home/renan.neri/.m2/repository/org/springframework/boot/spring-boot-starter-test/2.2.2.RELEASE/spring-boot-starter-test-2.2.2.RELEASE.jar:/home/renan.neri/.m2/repository/org/springframework/boot/spring-boot-test/2.2.2.RELEASE/spring-boot-test-2.2.2.RELEASE.jar:/home/renan.neri/.m2/repository/org/springframework/boot/spring-boot-test-autoconfigure/2.2.2.RELEASE/spring-boot-test-autoconfigure-2.2.2.RELEASE.jar:/home/renan.neri/.m2/repository/com/jayway/jsonpath/json-path/2.4.0/json-path-2.4.0.jar:/home/renan.neri/.m2/repository/net/minidev/json-smart/2.3/json-smart-2.3.jar:/home/renan.neri/.m2/repository/net/minidev/accessors-smart/1.2/accessors-smart-1.2.jar:/home/renan.neri/.m2/repository/org/ow2/asm/asm/5.0.4/asm-5.0.4.jar:/home/renan.neri/.m2/repository/jakarta/xml/bind/jakarta.xml.bind-api/2.3.2/jakarta.xml.bind-api-2.3.2.jar:/home/renan.neri/.m2/repository/org/junit/jupiter/junit-jupiter/5.5.2/junit-jupiter-5.5.2.jar:/home/renan.neri/.m2/repository/org/junit/jupiter/junit-jupiter-api/5.5.2/junit-jupiter-api-5.5.2.jar:/home/renan.neri/.m2/repository/org/apiguardian/apiguardian-api/1.1.0/apiguardian-api-1.1.0.jar:/home/renan.neri/.m2/repository/org/opentest4j/opentest4j/1.2.0/opentest4j-1.2.0.jar:/home/renan.neri/.m2/repository/org/junit/platform/junit-platform-commons/1.5.2/junit-platform-commons-1.5.2.jar:/home/renan.neri/.m2/repository/org/junit/jupiter/junit-jupiter-params/5.5.2/junit-jupiter-params-5.5.2.jar:/home/renan.neri/.m2/repository/org/junit/jupiter/junit-jupiter-engine/5.5.2/junit-jupiter-engine-5.5.2.jar:/home/renan.neri/.m2/repository/org/junit/platform/junit-platform-engine/1.5.2/junit-platform-engine-1.5.2.jar:/home/renan.neri/.m2/repository/org/mockito/mockito-junit-jupiter/3.1.0/mockito-junit-jupiter-3.1.0.jar:/home/renan.neri/.m2/repository/org/assertj/assertj-core/3.13.2/assertj-core-3.13.2.jar:/home/renan.neri/.m2/repository/org/hamcrest/hamcrest/2.1/hamcrest-2.1.jar:/home/renan.neri/.m2/repository/org/mockito/mockito-core/3.1.0/mockito-core-3.1.0.jar:/home/renan.neri/.m2/repository/net/bytebuddy/byte-buddy-agent/1.10.4/byte-buddy-agent-1.10.4.jar:/home/renan.neri/.m2/repository/org/objenesis/objenesis/2.6/objenesis-2.6.jar:/home/renan.neri/.m2/repository/org/skyscreamer/jsonassert/1.5.0/jsonassert-1.5.0.jar:/home/renan.neri/.m2/repository/com/vaadin/external/google/android-json/0.0.20131108.vaadin1/android-json-0.0.20131108.vaadin1.jar:/home/renan.neri/.m2/repository/org/springframework/spring-core/5.2.2.RELEASE/spring-core-5.2.2.RELEASE.jar:/home/renan.neri/.m2/repository/org/springframework/spring-jcl/5.2.2.RELEASE/spring-jcl-5.2.2.RELEASE.jar:/home/renan.neri/.m2/repository/org/springframework/spring-test/5.2.2.RELEASE/spring-test-5.2.2.RELEASE.jar:/home/renan.neri/.m2/repository/org/xmlunit/xmlunit-core/2.6.3/xmlunit-core-2.6.3.jar:"/>
    <property name="java.vm.vendor" value="Private Build"/>
    <property name="sun.arch.data.model" value="64"/>
    <property name="java.vendor.url" value="http://java.oracle.com/"/>
    <property name="user.timezone" value=""/>
    <property name="java.vm.specification.version" value="1.8"/>
    <property name="os.name" value="Linux"/>
    <property name="user.country" value="BR"/>
    <property name="sun.java.launcher" value="SUN_STANDARD"/>
    <property name="sun.boot.library.path" value="/usr/lib/jvm/java-8-openjdk-amd64/jre/lib/amd64"/>
    <property name="sun.java.command" value="/home/renan.neri/workspace-estudos/neri/target/surefire/surefirebooter904119265918005197.jar /home/renan.neri/workspace-estudos/neri/target/surefire 2019-12-27T07-43-03_382-jvmRun1 surefire7736911294734598827tmp surefire_06622199739669087384tmp"/>
    <property name="surefire.test.class.path" value="/home/renan.neri/workspace-estudos/neri/target/test-classes:/home/renan.neri/workspace-estudos/neri/target/classes:/home/renan.neri/.m2/repository/org/springframework/boot/spring-boot-starter-data-jpa/2.2.2.RELEASE/spring-boot-starter-data-jpa-2.2.2.RELEASE.jar:/home/renan.neri/.m2/repository/org/springframework/boot/spring-boot-starter-aop/2.2.2.RELEASE/spring-boot-starter-aop-2.2.2.RELEASE.jar:/home/renan.neri/.m2/repository/org/springframework/spring-aop/5.2.2.RELEASE/spring-aop-5.2.2.RELEASE.jar:/home/renan.neri/.m2/repository/org/aspectj/aspectjweaver/1.9.5/aspectjweaver-1.9.5.jar:/home/renan.neri/.m2/repository/org/springframework/boot/spring-boot-starter-jdbc/2.2.2.RELEASE/spring-boot-starter-jdbc-2.2.2.RELEASE.jar:/home/renan.neri/.m2/repository/com/zaxxer/HikariCP/3.4.1/HikariCP-3.4.1.jar:/home/renan.neri/.m2/repository/org/springframework/spring-jdbc/5.2.2.RELEASE/spring-jdbc-5.2.2.RELEASE.jar:/home/renan.neri/.m2/repository/jakarta/activation/jakarta.activation-api/1.2.1/jakarta.activation-api-1.2.1.jar:/home/renan.neri/.m2/repository/jakarta/persistence/jakarta.persistence-api/2.2.3/jakarta.persistence-api-2.2.3.jar:/home/renan.neri/.m2/repository/jakarta/transaction/jakarta.transaction-api/1.3.3/jakarta.transaction-api-1.3.3.jar:/home/renan.neri/.m2/repository/org/hibernate/hibernate-core/5.4.9.Final/hibernate-core-5.4.9.Final.jar:/home/renan.neri/.m2/repository/org/jboss/logging/jboss-logging/3.4.1.Final/jboss-logging-3.4.1.Final.jar:/home/renan.neri/.m2/repository/org/javassist/javassist/3.24.0-GA/javassist-3.24.0-GA.jar:/home/renan.neri/.m2/repository/net/bytebuddy/byte-buddy/1.10.4/byte-buddy-1.10.4.jar:/home/renan.neri/.m2/repository/antlr/antlr/2.7.7/antlr-2.7.7.jar:/home/renan.neri/.m2/repository/org/jboss/jandex/2.1.1.Final/jandex-2.1.1.Final.jar:/home/renan.neri/.m2/repository/com/fasterxml/classmate/1.5.1/classmate-1.5.1.jar:/home/renan.neri/.m2/repository/org/dom4j/dom4j/2.1.1/dom4j-2.1.1.jar:/home/renan.neri/.m2/repository/org/hibernate/common/hibernate-commons-annotations/5.1.0.Final/hibernate-commons-annotations-5.1.0.Final.jar:/home/renan.neri/.m2/repository/org/glassfish/jaxb/jaxb-runtime/2.3.2/jaxb-runtime-2.3.2.jar:/home/renan.neri/.m2/repository/org/glassfish/jaxb/txw2/2.3.2/txw2-2.3.2.jar:/home/renan.neri/.m2/repository/com/sun/istack/istack-commons-runtime/3.0.8/istack-commons-runtime-3.0.8.jar:/home/renan.neri/.m2/repository/org/jvnet/staxex/stax-ex/1.8.1/stax-ex-1.8.1.jar:/home/renan.neri/.m2/repository/com/sun/xml/fastinfoset/FastInfoset/1.2.16/FastInfoset-1.2.16.jar:/home/renan.neri/.m2/repository/org/springframework/data/spring-data-jpa/2.2.3.RELEASE/spring-data-jpa-2.2.3.RELEASE.jar:/home/renan.neri/.m2/repository/org/springframework/data/spring-data-commons/2.2.3.RELEASE/spring-data-commons-2.2.3.RELEASE.jar:/home/renan.neri/.m2/repository/org/springframework/spring-orm/5.2.2.RELEASE/spring-orm-5.2.2.RELEASE.jar:/home/renan.neri/.m2/repository/org/springframework/spring-context/5.2.2.RELEASE/spring-context-5.2.2.RELEASE.jar:/home/renan.neri/.m2/repository/org/springframework/spring-tx/5.2.2.RELEASE/spring-tx-5.2.2.RELEASE.jar:/home/renan.neri/.m2/repository/org/springframework/spring-beans/5.2.2.RELEASE/spring-beans-5.2.2.RELEASE.jar:/home/renan.neri/.m2/repository/org/slf4j/slf4j-api/1.7.29/slf4j-api-1.7.29.jar:/home/renan.neri/.m2/repository/org/springframework/spring-aspects/5.2.2.RELEASE/spring-aspects-5.2.2.RELEASE.jar:/home/renan.neri/.m2/repository/org/springframework/boot/spring-boot-starter-web/2.2.2.RELEASE/spring-boot-starter-web-2.2.2.RELEASE.jar:/home/renan.neri/.m2/repository/org/springframework/boot/spring-boot-starter/2.2.2.RELEASE/spring-boot-starter-2.2.2.RELEASE.jar:/home/renan.neri/.m2/repository/org/springframework/boot/spring-boot/2.2.2.RELEASE/spring-boot-2.2.2.RELEASE.jar:/home/renan.neri/.m2/repository/org/springframework/boot/spring-boot-autoconfigure/2.2.2.RELEASE/spring-boot-autoconfigure-2.2.2.RELEASE.jar:/home/renan.neri/.m2/repository/org/springframework/boot/spring-boot-starter-logging/2.2.2.RELEASE/spring-boot-starter-logging-2.2.2.RELEASE.jar:/home/renan.neri/.m2/repository/ch/qos/logback/logback-classic/1.2.3/logback-classic-1.2.3.jar:/home/renan.neri/.m2/repository/ch/qos/logback/logback-core/1.2.3/logback-core-1.2.3.jar:/home/renan.neri/.m2/repository/org/apache/logging/log4j/log4j-to-slf4j/2.12.1/log4j-to-slf4j-2.12.1.jar:/home/renan.neri/.m2/repository/org/apache/logging/log4j/log4j-api/2.12.1/log4j-api-2.12.1.jar:/home/renan.neri/.m2/repository/org/slf4j/jul-to-slf4j/1.7.29/jul-to-slf4j-1.7.29.jar:/home/renan.neri/.m2/repository/jakarta/annotation/jakarta.annotation-api/1.3.5/jakarta.annotation-api-1.3.5.jar:/home/renan.neri/.m2/repository/org/yaml/snakeyaml/1.25/snakeyaml-1.25.jar:/home/renan.neri/.m2/repository/org/springframework/boot/spring-boot-starter-json/2.2.2.RELEASE/spring-boot-starter-json-2.2.2.RELEASE.jar:/home/renan.neri/.m2/repository/com/fasterxml/jackson/core/jackson-databind/2.10.1/jackson-databind-2.10.1.jar:/home/renan.neri/.m2/repository/com/fasterxml/jackson/core/jackson-annotations/2.10.1/jackson-annotations-2.10.1.jar:/home/renan.neri/.m2/repository/com/fasterxml/jackson/core/jackson-core/2.10.1/jackson-core-2.10.1.jar:/home/renan.neri/.m2/repository/com/fasterxml/jackson/datatype/jackson-datatype-jdk8/2.10.1/jackson-datatype-jdk8-2.10.1.jar:/home/renan.neri/.m2/repository/com/fasterxml/jackson/datatype/jackson-datatype-jsr310/2.10.1/jackson-datatype-jsr310-2.10.1.jar:/home/renan.neri/.m2/repository/com/fasterxml/jackson/module/jackson-module-parameter-names/2.10.1/jackson-module-parameter-names-2.10.1.jar:/home/renan.neri/.m2/repository/org/springframework/boot/spring-boot-starter-tomcat/2.2.2.RELEASE/spring-boot-starter-tomcat-2.2.2.RELEASE.jar:/home/renan.neri/.m2/repository/org/apache/tomcat/embed/tomcat-embed-core/9.0.29/tomcat-embed-core-9.0.29.jar:/home/renan.neri/.m2/repository/org/apache/tomcat/embed/tomcat-embed-el/9.0.29/tomcat-embed-el-9.0.29.jar:/home/renan.neri/.m2/repository/org/apache/tomcat/embed/tomcat-embed-websocket/9.0.29/tomcat-embed-websocket-9.0.29.jar:/home/renan.neri/.m2/repository/org/springframework/boot/spring-boot-starter-validation/2.2.2.RELEASE/spring-boot-starter-validation-2.2.2.RELEASE.jar:/home/renan.neri/.m2/repository/jakarta/validation/jakarta.validation-api/2.0.1/jakarta.validation-api-2.0.1.jar:/home/renan.neri/.m2/repository/org/hibernate/validator/hibernate-validator/6.0.18.Final/hibernate-validator-6.0.18.Final.jar:/home/renan.neri/.m2/repository/org/springframework/spring-web/5.2.2.RELEASE/spring-web-5.2.2.RELEASE.jar:/home/renan.neri/.m2/repository/org/springframework/spring-webmvc/5.2.2.RELEASE/spring-webmvc-5.2.2.RELEASE.jar:/home/renan.neri/.m2/repository/org/springframework/spring-expression/5.2.2.RELEASE/spring-expression-5.2.2.RELEASE.jar:/home/renan.neri/.m2/repository/com/h2database/h2/1.4.200/h2-1.4.200.jar:/home/renan.neri/.m2/repository/mysql/mysql-connector-java/8.0.18/mysql-connector-java-8.0.18.jar:/home/renan.neri/.m2/repository/org/springframework/boot/spring-boot-starter-test/2.2.2.RELEASE/spring-boot-starter-test-2.2.2.RELEASE.jar:/home/renan.neri/.m2/repository/org/springframework/boot/spring-boot-test/2.2.2.RELEASE/spring-boot-test-2.2.2.RELEASE.jar:/home/renan.neri/.m2/repository/org/springframework/boot/spring-boot-test-autoconfigure/2.2.2.RELEASE/spring-boot-test-autoconfigure-2.2.2.RELEASE.jar:/home/renan.neri/.m2/repository/com/jayway/jsonpath/json-path/2.4.0/json-path-2.4.0.jar:/home/renan.neri/.m2/repository/net/minidev/json-smart/2.3/json-smart-2.3.jar:/home/renan.neri/.m2/repository/net/minidev/accessors-smart/1.2/accessors-smart-1.2.jar:/home/renan.neri/.m2/repository/org/ow2/asm/asm/5.0.4/asm-5.0.4.jar:/home/renan.neri/.m2/repository/jakarta/xml/bind/jakarta.xml.bind-api/2.3.2/jakarta.xml.bind-api-2.3.2.jar:/home/renan.neri/.m2/repository/org/junit/jupiter/junit-jupiter/5.5.2/junit-jupiter-5.5.2.jar:/home/renan.neri/.m2/repository/org/junit/jupiter/junit-jupiter-api/5.5.2/junit-jupiter-api-5.5.2.jar:/home/renan.neri/.m2/repository/org/apiguardian/apiguardian-api/1.1.0/apiguardian-api-1.1.0.jar:/home/renan.neri/.m2/repository/org/opentest4j/opentest4j/1.2.0/opentest4j-1.2.0.jar:/home/renan.neri/.m2/repository/org/junit/platform/junit-platform-commons/1.5.2/junit-platform-commons-1.5.2.jar:/home/renan.neri/.m2/repository/org/junit/jupiter/junit-jupiter-params/5.5.2/junit-jupiter-params-5.5.2.jar:/home/renan.neri/.m2/repository/org/junit/jupiter/junit-jupiter-engine/5.5.2/junit-jupiter-engine-5.5.2.jar:/home/renan.neri/.m2/repository/org/junit/platform/junit-platform-engine/1.5.2/junit-platform-engine-1.5.2.jar:/home/renan.neri/.m2/repository/org/mockito/mockito-junit-jupiter/3.1.0/mockito-junit-jupiter-3.1.0.jar:/home/renan.neri/.m2/repository/org/assertj/assertj-core/3.13.2/assertj-core-3.13.2.jar:/home/renan.neri/.m2/repository/org/hamcrest/hamcrest/2.1/hamcrest-2.1.jar:/home/renan.neri/.m2/repository/org/mockito/mockito-core/3.1.0/mockito-core-3.1.0.jar:/home/renan.neri/.m2/repository/net/bytebuddy/byte-buddy-agent/1.10.4/byte-buddy-agent-1.10.4.jar:/home/renan.neri/.m2/repository/org/objenesis/objenesis/2.6/objenesis-2.6.jar:/home/renan.neri/.m2/repository/org/skyscreamer/jsonassert/1.5.0/jsonassert-1.5.0.jar:/home/renan.neri/.m2/repository/com/vaadin/external/google/android-json/0.0.20131108.vaadin1/android-json-0.0.20131108.vaadin1.jar:/home/renan.neri/.m2/repository/org/springframework/spring-core/5.2.2.RELEASE/spring-core-5.2.2.RELEASE.jar:/home/renan.neri/.m2/repository/org/springframework/spring-jcl/5.2.2.RELEASE/spring-jcl-5.2.2.RELEASE.jar:/home/renan.neri/.m2/repository/org/springframework/spring-test/5.2.2.RELEASE/spring-test-5.2.2.RELEASE.jar:/home/renan.neri/.m2/repository/org/xmlunit/xmlunit-core/2.6.3/xmlunit-core-2.6.3.jar:"/>
    <property name="sun.cpu.endian" value="little"/>
    <property name="user.home" value="/home/renan.neri"/>
    <property name="user.language" value="pt"/>
    <property name="java.specification.vendor" value="Oracle Corporation"/>
    <property name="java.home" value="/usr/lib/jvm/java-8-openjdk-amd64/jre"/>
    <property name="basedir" value="/home/renan.neri/workspace-estudos/neri"/>
    <property name="file.separator" value="/"/>
    <property name="line.separator" value="&#10;"/>
    <property name="java.vm.specification.vendor" value="Oracle Corporation"/>
    <property name="java.specification.name" value="Java Platform API Specification"/>
    <property name="java.awt.graphicsenv" value="sun.awt.X11GraphicsEnvironment"/>
    <property name="surefire.real.class.path" value="/home/renan.neri/workspace-estudos/neri/target/surefire/surefirebooter904119265918005197.jar"/>
    <property name="sun.boot.class.path" value="/usr/lib/jvm/java-8-openjdk-amd64/jre/lib/resources.jar:/usr/lib/jvm/java-8-openjdk-amd64/jre/lib/rt.jar:/usr/lib/jvm/java-8-openjdk-amd64/jre/lib/sunrsasign.jar:/usr/lib/jvm/java-8-openjdk-amd64/jre/lib/jsse.jar:/usr/lib/jvm/java-8-openjdk-amd64/jre/lib/jce.jar:/usr/lib/jvm/java-8-openjdk-amd64/jre/lib/charsets.jar:/usr/lib/jvm/java-8-openjdk-amd64/jre/lib/jfr.jar:/usr/lib/jvm/java-8-openjdk-amd64/jre/classes"/>
    <property name="sun.management.compiler" value="HotSpot 64-Bit Tiered Compilers"/>
    <property name="java.runtime.version" value="1.8.0_232-8u232-b09-0ubuntu1~16.04.1-b09"/>
    <property name="user.name" value="renan.neri"/>
    <property name="path.separator" value=":"/>
    <property name="os.version" value="4.15.0-66-generic"/>
    <property name="java.endorsed.dirs" value="/usr/lib/jvm/java-8-openjdk-amd64/jre/lib/endorsed"/>
    <property name="java.runtime.name" value="OpenJDK Runtime Environment"/>
    <property name="file.encoding" value="UTF-8"/>
    <property name="java.vm.name" value="OpenJDK 64-Bit Server VM"/>
    <property name="localRepository" value="/home/renan.neri/.m2/repository"/>
    <property name="java.vendor.url.bug" value="http://bugreport.sun.com/bugreport/"/>
    <property name="java.io.tmpdir" value="/tmp"/>
    <property name="java.version" value="1.8.0_232"/>
    <property name="user.dir" value="/home/renan.neri/workspace-estudos/neri"/>
    <property name="os.arch" value="amd64"/>
    <property name="java.vm.specification.name" value="Java Virtual Machine Specification"/>
    <property name="java.awt.printerjob" value="sun.print.PSPrinterJob"/>
    <property name="sun.os.patch.level" value="unknown"/>
    <property name="java.library.path" value="/usr/java/packages/lib/amd64:/usr/lib/x86_64-linux-gnu/jni:/lib/x86_64-linux-gnu:/usr/lib/x86_64-linux-gnu:/usr/lib/jni:/lib:/usr/lib"/>
    <property name="java.vm.info" value="mixed mode"/>
    <property name="java.vendor" value="Private Build"/>
    <property name="java.vm.version" value="25.232-b09"/>
    <property name="java.ext.dirs" value="/usr/lib/jvm/java-8-openjdk-amd64/jre/lib/ext:/usr/java/packages/lib/ext"/>
    <property name="sun.io.unicode.encoding" value="UnicodeLittle"/>
    <property name="java.class.version" value="52.0"/>
  </properties>
  <testcase name="com.neri.neri.NeriApplicationTests" classname="com.neri.neri.NeriApplicationTests" time="0.255">
    <error message="Unable to find a @SpringBootConfiguration, you need to use @ContextConfiguration or @SpringBootTest(classes=...) with your test" type="java.lang.IllegalStateException">java.lang.IllegalStateException: Unable to find a @SpringBootConfiguration, you need to use @ContextConfiguration or @SpringBootTest(classes=...) with your test
</error>
    <system-out><![CDATA[07:43:04.079 [main] DEBUG org.springframework.test.context.BootstrapUtils - Instantiating CacheAwareContextLoaderDelegate from class [org.springframework.test.context.cache.DefaultCacheAwareContextLoaderDelegate]
07:43:04.091 [main] DEBUG org.springframework.test.context.BootstrapUtils - Instantiating BootstrapContext using constructor [public org.springframework.test.context.support.DefaultBootstrapContext(java.lang.Class,org.springframework.test.context.CacheAwareContextLoaderDelegate)]
07:43:04.115 [main] DEBUG org.springframework.test.context.BootstrapUtils - Instantiating TestContextBootstrapper for test class [com.neri.neri.NeriApplicationTests] from class [org.springframework.boot.test.context.SpringBootTestContextBootstrapper]
07:43:04.128 [main] INFO org.springframework.boot.test.context.SpringBootTestContextBootstrapper - Neither @ContextConfiguration nor @ContextHierarchy found for test class [com.neri.neri.NeriApplicationTests], using SpringBootContextLoader
07:43:04.131 [main] DEBUG org.springframework.test.context.support.AbstractContextLoader - Did not detect default resource location for test class [com.neri.neri.NeriApplicationTests]: class path resource [com/neri/neri/NeriApplicationTests-context.xml] does not exist
07:43:04.131 [main] DEBUG org.springframework.test.context.support.AbstractContextLoader - Did not detect default resource location for test class [com.neri.neri.NeriApplicationTests]: class path resource [com/neri/neri/NeriApplicationTestsContext.groovy] does not exist
07:43:04.132 [main] INFO org.springframework.test.context.support.AbstractContextLoader - Could not detect default resource locations for test class [com.neri.neri.NeriApplicationTests]: no resource found for suffixes {-context.xml, Context.groovy}.
07:43:04.133 [main] INFO org.springframework.test.context.support.AnnotationConfigContextLoaderUtils - Could not detect default configuration classes for test class [com.neri.neri.NeriApplicationTests]: NeriApplicationTests does not declare any static, non-private, non-final, nested classes annotated with @Configuration.
07:43:04.164 [main] DEBUG org.springframework.test.context.support.ActiveProfilesUtils - Could not find an 'annotation declaring class' for annotation type [org.springframework.test.context.ActiveProfiles] and class [com.neri.neri.NeriApplicationTests]
07:43:04.229 [main] DEBUG org.springframework.test.context.BootstrapUtils - Instantiating CacheAwareContextLoaderDelegate from class [org.springframework.test.context.cache.DefaultCacheAwareContextLoaderDelegate]
07:43:04.229 [main] DEBUG org.springframework.test.context.BootstrapUtils - Instantiating BootstrapContext using constructor [public org.springframework.test.context.support.DefaultBootstrapContext(java.lang.Class,org.springframework.test.context.CacheAwareContextLoaderDelegate)]
07:43:04.229 [main] DEBUG org.springframework.test.context.BootstrapUtils - Instantiating TestContextBootstrapper for test class [com.neri.neri.NeriApplicationTests] from class [org.springframework.boot.test.context.SpringBootTestContextBootstrapper]
07:43:04.230 [main] INFO org.springframework.boot.test.context.SpringBootTestContextBootstrapper - Neither @ContextConfiguration nor @ContextHierarchy found for test class [com.neri.neri.NeriApplicationTests], using SpringBootContextLoader
07:43:04.231 [main] DEBUG org.springframework.test.context.support.AbstractContextLoader - Did not detect default resource location for test class [com.neri.neri.NeriApplicationTests]: class path resource [com/neri/neri/NeriApplicationTests-context.xml] does not exist
07:43:04.231 [main] DEBUG org.springframework.test.context.support.AbstractContextLoader - Did not detect default resource location for test class [com.neri.neri.NeriApplicationTests]: class path resource [com/neri/neri/NeriApplicationTestsContext.groovy] does not exist
07:43:04.231 [main] INFO org.springframework.test.context.support.AbstractContextLoader - Could not detect default resource locations for test class [com.neri.neri.NeriApplicationTests]: no resource found for suffixes {-context.xml, Context.groovy}.
07:43:04.232 [main] INFO org.springframework.test.context.support.AnnotationConfigContextLoaderUtils - Could not detect default configuration classes for test class [com.neri.neri.NeriApplicationTests]: NeriApplicationTests does not declare any static, non-private, non-final, nested classes annotated with @Configuration.
07:43:04.233 [main] DEBUG org.springframework.test.context.support.ActiveProfilesUtils - Could not find an 'annotation declaring class' for annotation type [org.springframework.test.context.ActiveProfiles] and class [com.neri.neri.NeriApplicationTests]
07:43:04.246 [main] DEBUG org.springframework.test.context.BootstrapUtils - Instantiating CacheAwareContextLoaderDelegate from class [org.springframework.test.context.cache.DefaultCacheAwareContextLoaderDelegate]
07:43:04.246 [main] DEBUG org.springframework.test.context.BootstrapUtils - Instantiating BootstrapContext using constructor [public org.springframework.test.context.support.DefaultBootstrapContext(java.lang.Class,org.springframework.test.context.CacheAwareContextLoaderDelegate)]
07:43:04.246 [main] DEBUG org.springframework.test.context.BootstrapUtils - Instantiating TestContextBootstrapper for test class [com.neri.neri.NeriApplicationTests] from class [org.springframework.boot.test.context.SpringBootTestContextBootstrapper]
07:43:04.248 [main] INFO org.springframework.boot.test.context.SpringBootTestContextBootstrapper - Neither @ContextConfiguration nor @ContextHierarchy found for test class [com.neri.neri.NeriApplicationTests], using SpringBootContextLoader
07:43:04.248 [main] DEBUG org.springframework.test.context.support.AbstractContextLoader - Did not detect default resource location for test class [com.neri.neri.NeriApplicationTests]: class path resource [com/neri/neri/NeriApplicationTests-context.xml] does not exist
07:43:04.248 [main] DEBUG org.springframework.test.context.support.AbstractContextLoader - Did not detect default resource location for test class [com.neri.neri.NeriApplicationTests]: class path resource [com/neri/neri/NeriApplicationTestsContext.groovy] does not exist
07:43:04.249 [main] INFO org.springframework.test.context.support.AbstractContextLoader - Could not detect default resource locations for test class [com.neri.neri.NeriApplicationTests]: no resource found for suffixes {-context.xml, Context.groovy}.
07:43:04.249 [main] INFO org.springframework.test.context.support.AnnotationConfigContextLoaderUtils - Could not detect default configuration classes for test class [com.neri.neri.NeriApplicationTests]: NeriApplicationTests does not declare any static, non-private, non-final, nested classes annotated with @Configuration.
07:43:04.251 [main] DEBUG org.springframework.test.context.support.ActiveProfilesUtils - Could not find an 'annotation declaring class' for annotation type [org.springframework.test.context.ActiveProfiles] and class [com.neri.neri.NeriApplicationTests]
]]></system-out>
  </testcase>
</testsuite>